<?xml version="1.0" encoding="UTF-8"?>
<testsuite xmlns:xsi="http://www.w3.org/2001/XMLSchema-instance" xsi:noNamespaceSchemaLocation="https://maven.apache.org/surefire/maven-surefire-plugin/xsd/surefire-test-report.xsd" name="com.sg.ChrisList.daos.ListingDaoDBTest" time="2.063" tests="5" errors="4" skipped="0" failures="0">
  <properties>
[...]
</properties>
  <testcase name="testGetListingsByKeywordGoldenPath" classname="com.sg.ChrisList.daos.ListingDaoDBTest" time="0.31">
    <error type="java.lang.NullPointerException">java.lang.NullPointerException
	at com.sg.ChrisList.daos.ListingDaoDBTest.testGetListingsByKeywordGoldenPath(ListingDaoDBTest.java:163)
</error>
    <system-out><![CDATA[2020-04-20 20:30:59.881  INFO 9920 --- [           main] .b.t.c.SpringBootTestContextBootstrapper : Neither @ContextConfiguration nor @ContextHierarchy found for test class [com.sg.ChrisList.daos.ListingDaoDBTest], using SpringBootContextLoader
2020-04-20 20:30:59.882  INFO 9920 --- [           main] o.s.t.c.support.AbstractContextLoader    : Could not detect default resource locations for test class [com.sg.ChrisList.daos.ListingDaoDBTest]: no resource found for suffixes {-context.xml, Context.groovy}.
2020-04-20 20:30:59.884  INFO 9920 --- [           main] t.c.s.AnnotationConfigContextLoaderUtils : Could not detect default configuration classes for test class [com.sg.ChrisList.daos.ListingDaoDBTest]: ListingDaoDBTest does not declare any static, non-private, non-final, nested classes annotated with @Configuration.
2020-04-20 20:30:59.924  INFO 9920 --- [           main] .b.t.c.SpringBootTestContextBootstrapper : Found @SpringBootConfiguration com.sg.ChrisList.ChrisListApplication for test class com.sg.ChrisList.daos.ListingDaoDBTest
2020-04-20 20:30:59.927  INFO 9920 --- [           main] .b.t.c.SpringBootTestContextBootstrapper : Loaded default TestExecutionListener class names from location [META-INF/spring.factories]: [org.springframework.boot.test.mock.mockito.MockitoTestExecutionListener, org.springframework.boot.test.mock.mockito.ResetMocksTestExecutionListener, org.springframework.boot.test.autoconfigure.restdocs.RestDocsTestExecutionListener, org.springframework.boot.test.autoconfigure.web.client.MockRestServiceServerResetTestExecutionListener, org.springframework.boot.test.autoconfigure.web.servlet.MockMvcPrintOnlyOnFailureTestExecutionListener, org.springframework.boot.test.autoconfigure.web.servlet.WebDriverTestExecutionListener, org.springframework.test.context.web.ServletTestExecutionListener, org.springframework.test.context.support.DirtiesContextBeforeModesTestExecutionListener, org.springframework.test.context.support.DependencyInjectionTestExecutionListener, org.springframework.test.context.support.DirtiesContextTestExecutionListener, org.springframework.test.context.transaction.TransactionalTestExecutionListener, org.springframework.test.context.jdbc.SqlScriptsTestExecutionListener, org.springframework.test.context.event.EventPublishingTestExecutionListener, org.springframework.security.test.context.support.WithSecurityContextTestExecutionListener, org.springframework.security.test.context.support.ReactorContextTestExecutionListener]
2020-04-20 20:30:59.928  INFO 9920 --- [           main] .b.t.c.SpringBootTestContextBootstrapper : Using TestExecutionListeners: [org.springframework.test.context.web.ServletTestExecutionListener@ba562e0, org.springframework.test.context.support.DirtiesContextBeforeModesTestExecutionListener@5a51336a, org.springframework.boot.test.mock.mockito.MockitoTestExecutionListener@4d8056bf, org.springframework.boot.test.autoconfigure.SpringBootDependencyInjectionTestExecutionListener@42211e04, org.springframework.test.context.support.DirtiesContextTestExecutionListener@6233c6c2, org.springframework.test.context.transaction.TransactionalTestExecutionListener@312a738d, org.springframework.test.context.jdbc.SqlScriptsTestExecutionListener@7e50eeb9, org.springframework.test.context.event.EventPublishingTestExecutionListener@34cb0e49, org.springframework.security.test.context.support.WithSecurityContextTestExecutionListener@48b2dbc4, org.springframework.security.test.context.support.ReactorContextTestExecutionListener@2a667f44, org.springframework.boot.test.mock.mockito.ResetMocksTestExecutionListener@53ba7997, org.springframework.boot.test.autoconfigure.restdocs.RestDocsTestExecutionListener@3f6f9cef, org.springframework.boot.test.autoconfigure.web.client.MockRestServiceServerResetTestExecutionListener@61dd1c3d, org.springframework.boot.test.autoconfigure.web.servlet.MockMvcPrintOnlyOnFailureTestExecutionListener@7858d31d, org.springframework.boot.test.autoconfigure.web.servlet.WebDriverTestExecutionListener@782e6b40]

  .   ____          _            __ _ _
 /\\ / ___'_ __ _ _(_)_ __  __ _ \ \ \ \
( ( )\___ | '_ | '_| | '_ \/ _` | \ \ \ \
 \\/  ___)| |_)| | | | | || (_| |  ) ) ) )
  '  |____| .__|_| |_|_| |_\__, | / / / /
 =========|_|==============|___/=/_/_/_/
 :: Spring Boot ::        (v2.2.6.RELEASE)

2020-04-20 20:31:00.043  INFO 9920 --- [           main] com.sg.ChrisList.daos.ListingDaoDBTest   : Starting ListingDaoDBTest on DESKTOP-C9JMT2S with PID 9920 (started by ursul in C:\Users\ursul\Desktop\teamtitans\ChrisList)
2020-04-20 20:31:00.043  INFO 9920 --- [           main] com.sg.ChrisList.daos.ListingDaoDBTest   : No active profile set, falling back to default profiles: default
2020-04-20 20:31:00.904  INFO 9920 --- [           main] o.s.s.web.DefaultSecurityFilterChain     : Creating filter chain: any request, [org.springframework.security.web.context.request.async.WebAsyncManagerIntegrationFilter@59f76e56, org.springframework.security.web.context.SecurityContextPersistenceFilter@299a43d9, org.springframework.security.web.header.HeaderWriterFilter@22ae32ba, org.springframework.security.web.csrf.CsrfFilter@33430fc, org.springframework.security.web.authentication.logout.LogoutFilter@768f4b42, org.springframework.security.web.authentication.UsernamePasswordAuthenticationFilter@2dd8a273, org.springframework.security.web.savedrequest.RequestCacheAwareFilter@ccd000e, org.springframework.security.web.servletapi.SecurityContextHolderAwareRequestFilter@5fa5c8cf, org.springframework.security.web.authentication.AnonymousAuthenticationFilter@566f4659, org.springframework.security.web.session.SessionManagementFilter@b8b2184, org.springframework.security.web.access.ExceptionTranslationFilter@45424c0, org.springframework.security.web.access.intercept.FilterSecurityInterceptor@5bd3ca3c]
2020-04-20 20:31:01.162  INFO 9920 --- [           main] o.s.s.concurrent.ThreadPoolTaskExecutor  : Initializing ExecutorService 'applicationTaskExecutor'
2020-04-20 20:31:01.649  INFO 9920 --- [           main] com.sg.ChrisList.daos.ListingDaoDBTest   : Started ListingDaoDBTest in 1.712 seconds (JVM running for 9.101)
2020-04-20 20:31:01.678  INFO 9920 --- [           main] com.zaxxer.hikari.HikariDataSource       : HikariPool-2 - Starting...
2020-04-20 20:31:01.685  INFO 9920 --- [           main] com.zaxxer.hikari.HikariDataSource       : HikariPool-2 - Start completed.
]]></system-out>
  </testcase>
  <testcase name="testGetListingsByConditionLikeNew" classname="com.sg.ChrisList.daos.ListingDaoDBTest" time="0.015">
    <error type="java.lang.NullPointerException">java.lang.NullPointerException
	at com.sg.ChrisList.daos.ListingDaoDBTest.testGetListingsByConditionLikeNew(ListingDaoDBTest.java:114)
</error>
  </testcase>
  <testcase name="testEditListingGoldenPath" classname="com.sg.ChrisList.daos.ListingDaoDBTest" time="0.005"/>
  <testcase name="testGetListingsByConditionUsed" classname="com.sg.ChrisList.daos.ListingDaoDBTest" time="0.008">
    <error type="java.lang.NullPointerException">java.lang.NullPointerException
	at com.sg.ChrisList.daos.ListingDaoDBTest.testGetListingsByConditionUsed(ListingDaoDBTest.java:86)
</error>
  </testcase>
  <testcase name="testGetListingsByConditionNew" classname="com.sg.ChrisList.daos.ListingDaoDBTest" time="0.009">
    <error type="java.lang.NullPointerException">java.lang.NullPointerException
	at com.sg.ChrisList.daos.ListingDaoDBTest.testGetListingsByConditionNew(ListingDaoDBTest.java:131)
</error>
  </testcase>
</testsuite>